üêç Running Backend Tests...
==================================================
 ‚úÖ Test dependencies installed successfully
============================= test session starts ==============================
platform linux -- Python 3.11.13, pytest-7.4.4, pluggy-1.6.0 -- /home/runner/workspace/.pythonlibs/bin/python
rootdir: /home/runner/workspace
configfile: pytest.ini
collecting ... collected 45 items

tests/backend/test_api_endpoints.py::TestHealthEndpoint::test_health_endpoint_structure PASSED [  2%]
tests/backend/test_api_endpoints.py::TestHealthEndpoint::test_health_endpoint_response_format PASSED [  4%]
tests/backend/test_api_endpoints.py::TestWalletEndpoints::test_get_wallets_response_structure PASSED [  6%]
tests/backend/test_api_endpoints.py::TestWalletEndpoints::test_add_wallet_validation PASSED [  8%]
tests/backend/test_api_endpoints.py::TestWalletEndpoints::test_delete_wallet_endpoint PASSED [ 11%]
tests/backend/test_api_endpoints.py::TestPortfolioEndpoints::test_portfolio_data_structure PASSED [ 13%]
tests/backend/test_api_endpoints.py::TestPortfolioEndpoints::test_portfolio_update_endpoint PASSED [ 15%]
tests/backend/test_api_endpoints.py::TestAssetEndpoints::test_update_asset_notes_structure PASSED [ 17%]
tests/backend/test_api_endpoints.py::TestAssetEndpoints::test_hide_asset_functionality PASSED [ 20%]
tests/backend/test_api_endpoints.py::TestErrorHandling::test_invalid_wallet_address_handling PASSED [ 22%]
tests/backend/test_api_endpoints.py::TestErrorHandling::test_not_found_endpoint_handling PASSED [ 24%]
tests/backend/test_api_endpoints.py::TestErrorHandling::test_server_error_handling PASSED [ 26%]
tests/backend/test_api_endpoints.py::TestDataValidation::test_ethereum_address_validation PASSED [ 28%]
tests/backend/test_api_endpoints.py::TestDataValidation::test_solana_address_validation PASSED [ 31%]
tests/backend/test_api_endpoints.py::TestDataValidation::test_price_data_validation PASSED [ 33%]
tests/backend/test_api_endpoints.py::TestDataValidation::test_portfolio_calculation PASSED [ 35%]
tests/backend/test_asset_fetchers.py::TestAssetFetching::test_fetch_eth_balance_logic FAILED [ 37%]
tests/backend/test_asset_fetchers.py::TestAssetFetching::test_price_data_processing PASSED [ 40%]
tests/backend/test_asset_fetchers.py::TestAddressValidation::test_ethereum_address_format PASSED [ 42%]
tests/backend/test_asset_fetchers.py::TestAddressValidation::test_solana_address_format PASSED [ 44%]
tests/backend/test_asset_fetchers.py::TestDataTransformation::test_balance_formatting PASSED [ 46%]
tests/backend/test_asset_fetchers.py::TestDataTransformation::test_percentage_calculation PASSED [ 48%]
tests/backend/test_asset_fetchers.py::TestDataTransformation::test_pnl_calculation PASSED [ 51%]
tests/backend/test_asset_fetchers.py::TestErrorHandling::test_network_timeout_simulation PASSED [ 53%]
tests/backend/test_asset_fetchers.py::TestErrorHandling::test_invalid_response_handling PASSED [ 55%]
tests/backend/test_asset_fetchers.py::TestCaching::test_price_cache_logic PASSED [ 57%]
tests/backend/test_database.py::TestDatabaseOperations::test_create_wallet_table PASSED [ 60%]
tests/backend/test_database.py::TestDatabaseOperations::test_insert_wallet PASSED [ 62%]
tests/backend/test_database.py::TestDatabaseOperations::test_update_wallet PASSED [ 64%]
tests/backend/test_database.py::TestDatabaseOperations::test_delete_wallet PASSED [ 66%]
tests/backend/test_database.py::TestAssetOperations::test_create_assets_table PASSED [ 68%]
tests/backend/test_database.py::TestAssetOperations::test_insert_asset_with_wallet PASSED [ 71%]
tests/backend/test_database.py::TestHiddenAssets::test_create_hidden_assets_table PASSED [ 73%]
tests/backend/test_database.py::TestHiddenAssets::test_hide_asset PASSED [ 75%]
tests/backend/test_database.py::TestHiddenAssets::test_unhide_asset PASSED [ 77%]
tests/backend/test_database.py::TestDataIntegrity::test_unique_wallet_addresses PASSED [ 80%]
tests/backend/test_database.py::TestDataIntegrity::test_foreign_key_constraints PASSED [ 82%]
tests/backend/test_database.py::TestConnectionHandling::test_connection_context_manager PASSED [ 84%]
tests/backend/test_database.py::TestConnectionHandling::test_transaction_rollback PASSED [ 86%]
tests/backend/test_database.py::TestPerformance::test_bulk_insert_performance PASSED [ 88%]
tests/backend/test_database.py::TestPerformance::test_query_performance PASSED [ 91%]
tests/backend/test_minimal.py::TestMinimal::test_basic_assertion PASSED  [ 93%]
tests/backend/test_minimal.py::TestMinimal::test_sqlite_works PASSED     [ 95%]
tests/backend/test_minimal.py::TestMinimal::test_mocking_works PASSED    [ 97%]
tests/backend/test_minimal.py::TestMinimal::test_environment_variables PASSED [100%]

=================================== FAILURES ===================================
________________ TestAssetFetching.test_fetch_eth_balance_logic ________________
tests/backend/test_asset_fetchers.py:20: in test_fetch_eth_balance_logic
    assert balance_eth < 19
E   assert 300.0 < 19
=========================== short test summary info ============================
FAILED tests/backend/test_asset_fetchers.py::TestAssetFetching::test_fetch_eth_balance_logic
========================= 1 failed, 44 passed in 1.01s =========================

‚ùå Backend tests FAILED